<?xml version="1.0" encoding="UTF-8"?>

<!-- <!DOCTYPE web-app-config SYSTEM 'file:///c:/rj/controller/WEB-INF/web-app-config-1-0.dtd'>
-->

<beans>

	<!-- ===========================================================-->
	<!-- Message source						-->
	<!-- ===========================================================-->
	<bean name="messageSource" class="com.interface21.context.support.ResourceBundleMessageSource">
		<property name="basename">com/interface21/web/context/WEB-INF/test-messages</property>
	</bean>

	<bean name="aca" class="com.interface21.context.ACATest"/>

	<bean name="aca-prototype" class="com.interface21.context.ACATest" singleton="false"/>

	<bean name="rod" class="com.interface21.beans.TestBean">
		<property name="name">Rod</property>
		<property name="age">31</property>
	</bean>

	<bean name="testListener" class="com.interface21.context.TestListener"/>

	<bean name="roderick" parent="rod">
		<property name="name">Roderick</property>
		<property name="age">31</property>
	</bean>

	<bean name="kathy" class="com.interface21.beans.TestBean" singleton="false"/>

	<bean name="kerry" class="com.interface21.beans.TestBean">
		<property name="name">Kerry</property>
		<property name="age">34</property>
		<property name="spouse" beanRef="true">rod</property>
	</bean>


	<bean name="typeMismatch" class="com.interface21.beans.TestBean" singleton="false">
		<property name="name">typeMismatch</property>
		<property name="age">34x</property>
		<property name="spouse" beanRef="true">rod</property>
	</bean>

	<!-- Factory beans are automatically treated
		differently -->
	<bean name="singletonFactory"
		class="com.interface21.beans.factory.DummyFactory">
	</bean>

	<bean name="prototypeFactory"
		class="com.interface21.beans.factory.DummyFactory">
		<property name="singleton">false</property>
	</bean>

	<bean name="factoryPassThrough"
		class="com.interface21.beans.factory.DummyFactory">
		<property name="singleton">true</property>
		<property name="propertyValues">
			name=passThrough
		</property>
	</bean>

	<!--
	 <bean name="agistListener" class="com.interface21.beans.factory.AbstractBeanFactoryTests$AgistListener" />
	 -->

	<bean name="listenerVeto" class="com.interface21.beans.TestBean">
		<!--	<listener property="age" beanRef="agistListener" /> -->
		<property name="name">listenerVeto</property>
		<property name="age">66</property>
	</bean>

	<bean name="validEmpty" class="com.interface21.beans.TestBean"/>

</beans>
