<?xml version="1.0" encoding="UTF-8"?>

<!-- <!DOCTYPE web-app-config SYSTEM 'file:///c:/rj/controller/WEB-INF/web-app-config-1-0.dtd'>
-->
		
<beans>		
	
	
<bean name="aca" class="com.interface21.context.ACATest">	
		</bean>
		
		<bean name="aca-prototype" class="com.interface21.context.ACATest" singleton="false">	
		</bean>
		
		
	<bean name="rod" class="com.interface21.beans.TestBean">	
			<property name="name">Rod</property>
			<property name="age">31</property>
		</bean>
		

	<bean name="testListener"
	class="com.interface21.context.TestListener"
/>

<bean name="roderick" parent="rod">	
		<property name="name">Roderick</property>
		<property name="age">31</property>
	</bean>

<bean name="kathy" class="com.interface21.beans.TestBean"
		singleton="false">	
		
	</bean>
		

		<bean name="kerry" class="com.interface21.beans.TestBean">	
			<property name="name">Kerry</property>
			<property name="age">34</property>
			<property name="spouse" beanRef="true">rod</property>
		</bean>


		<bean name="typeMismatch" class="com.interface21.beans.TestBean" singleton="false">	
			<property name="name">typeMismatch</property>
			<property name="age">34x</property>
			<property name="spouse" beanRef="true">rod</property>
		</bean>



	     <!--
	      <bean name="agistListener" class="com.interface21.beans.factory.AbstractBeanFactoryTests$AgistListener" />	
	      -->

		<bean name="listenerVeto" class="com.interface21.beans.TestBean">	
		<!--	<listener property="age" beanRef="agistListener" /> -->
			<property name="name">listenerVeto</property>
			<property name="age">66</property>
		</bean>
		
		<bean name="validEmpty" class="com.interface21.beans.TestBean" />	

</beans>		